2025-07-01 12:38:12,871 INFO o.a.j.u.JMeterUtils: Setting Locale to en_EN
2025-07-01 12:38:12,902 INFO o.a.j.JMeter: Loading user properties from: /opt/apache-jmeter-5.5/bin/user.properties
2025-07-01 12:38:12,903 INFO o.a.j.JMeter: Loading system properties from: /opt/apache-jmeter-5.5/bin/system.properties
2025-07-01 12:38:12,910 INFO o.a.j.JMeter: Copyright (c) 1998-2022 The Apache Software Foundation
2025-07-01 12:38:12,911 INFO o.a.j.JMeter: Version 5.5
2025-07-01 12:38:12,911 INFO o.a.j.JMeter: java.version=11.0.27
2025-07-01 12:38:12,911 INFO o.a.j.JMeter: java.vm.name=OpenJDK 64-Bit Server VM
2025-07-01 12:38:12,911 INFO o.a.j.JMeter: os.name=Linux
2025-07-01 12:38:12,911 INFO o.a.j.JMeter: os.arch=amd64
2025-07-01 12:38:12,911 INFO o.a.j.JMeter: os.version=6.12.32-amd64
2025-07-01 12:38:12,911 INFO o.a.j.JMeter: file.encoding=UTF-8
2025-07-01 12:38:12,911 INFO o.a.j.JMeter: java.awt.headless=true
2025-07-01 12:38:12,911 INFO o.a.j.JMeter: Max memory     =1073741824
2025-07-01 12:38:12,911 INFO o.a.j.JMeter: Available Processors =16
2025-07-01 12:38:12,921 INFO o.a.j.JMeter: Default Locale=English (EN)
2025-07-01 12:38:12,922 INFO o.a.j.JMeter: JMeter  Locale=English (EN)
2025-07-01 12:38:12,922 INFO o.a.j.JMeter: JMeterHome=/opt/apache-jmeter-5.5
2025-07-01 12:38:12,922 INFO o.a.j.JMeter: user.dir  =/var/jenkins_home/workspace/jenkins-to-github
2025-07-01 12:38:12,922 INFO o.a.j.JMeter: PWD       =/var/jenkins_home/workspace/jenkins-to-github
2025-07-01 12:38:12,922 INFO o.a.j.JMeter: IP: 172.17.0.3 Name: 28727e4e346e FullName: 28727e4e346e
2025-07-01 12:38:12,931 INFO o.a.j.s.FileServer: Default base='/var/jenkins_home/workspace/jenkins-to-github'
2025-07-01 12:38:12,932 INFO o.a.j.s.FileServer: Set new base='/var/jenkins_home/workspace/jenkins-to-github/src/performance-tests'
2025-07-01 12:38:13,143 INFO o.a.j.s.SaveService: Testplan (JMX) version: 2.2. Testlog (JTL) version: 2.2
2025-07-01 12:38:13,173 INFO o.a.j.s.SaveService: Using SaveService properties version 5.0
2025-07-01 12:38:13,177 INFO o.a.j.s.SaveService: Using SaveService properties file encoding UTF-8
2025-07-01 12:38:13,181 INFO o.a.j.s.SaveService: Loading file: src/performance-tests/test-plan.jmx
2025-07-01 12:38:13,242 INFO o.a.j.p.h.s.HTTPSamplerBase: Parser for text/html is org.apache.jmeter.protocol.http.parser.LagartoBasedHtmlParser
2025-07-01 12:38:13,242 INFO o.a.j.p.h.s.HTTPSamplerBase: Parser for application/xhtml+xml is org.apache.jmeter.protocol.http.parser.LagartoBasedHtmlParser
2025-07-01 12:38:13,242 INFO o.a.j.p.h.s.HTTPSamplerBase: Parser for application/xml is org.apache.jmeter.protocol.http.parser.LagartoBasedHtmlParser
2025-07-01 12:38:13,242 INFO o.a.j.p.h.s.HTTPSamplerBase: Parser for text/xml is org.apache.jmeter.protocol.http.parser.LagartoBasedHtmlParser
2025-07-01 12:38:13,242 INFO o.a.j.p.h.s.HTTPSamplerBase: Parser for text/vnd.wap.wml is org.apache.jmeter.protocol.http.parser.RegexpHTMLParser
2025-07-01 12:38:13,242 INFO o.a.j.p.h.s.HTTPSamplerBase: Parser for text/css is org.apache.jmeter.protocol.http.parser.CssParser
2025-07-01 12:38:13,252 INFO o.a.j.JMeter: Creating summariser <summary>
2025-07-01 12:38:13,272 INFO o.a.j.e.StandardJMeterEngine: Running the test!
2025-07-01 12:38:13,273 INFO o.a.j.s.SampleEvent: List of sample_variables: []
2025-07-01 12:38:13,274 INFO o.a.j.s.SampleEvent: List of sample_variables: []
2025-07-01 12:38:13,283 INFO o.a.j.e.u.CompoundVariable: Note: Function class names must contain the string: '.functions.'
2025-07-01 12:38:13,284 INFO o.a.j.e.u.CompoundVariable: Note: Function class names must not contain the string: '.gui.'
2025-07-01 12:38:13,545 INFO o.a.j.JMeter: Running test (1751373493545)
2025-07-01 12:38:13,573 INFO o.a.j.e.StandardJMeterEngine: Starting ThreadGroup: 1 : Thread Group
2025-07-01 12:38:13,573 INFO o.a.j.e.StandardJMeterEngine: Starting 1 threads for group Thread Group.
2025-07-01 12:38:13,573 INFO o.a.j.e.StandardJMeterEngine: Thread will continue on error
2025-07-01 12:38:13,574 INFO o.a.j.t.ThreadGroup: Starting thread group... number=1 threads=1 ramp-up=1 delayedStart=false
2025-07-01 12:38:13,578 INFO o.a.j.t.ThreadGroup: Started thread group number 1
2025-07-01 12:38:13,578 INFO o.a.j.e.StandardJMeterEngine: All thread groups have been started
2025-07-01 12:38:13,582 INFO o.a.j.t.JMeterThread: Thread started: Thread Group 1-1
2025-07-01 12:38:13,606 INFO o.a.j.p.h.s.HTTPHCAbstractImpl: Local host = 28727e4e346e
2025-07-01 12:38:13,614 INFO o.a.j.p.h.s.HTTPHC4Impl: HTTP request retry count = 0
2025-07-01 12:38:13,616 INFO o.a.j.s.SampleResult: Note: Sample TimeStamps are START times
2025-07-01 12:38:13,616 INFO o.a.j.s.SampleResult: sampleresult.default.encoding is set to ISO-8859-1
2025-07-01 12:38:13,616 INFO o.a.j.s.SampleResult: sampleresult.useNanoTime=true
2025-07-01 12:38:13,616 INFO o.a.j.s.SampleResult: sampleresult.nanoThreadSleep=5000
2025-07-01 12:38:13,734 INFO o.a.j.t.JMeterThread: Thread is done: Thread Group 1-1
2025-07-01 12:38:13,735 INFO o.a.j.t.JMeterThread: Thread finished: Thread Group 1-1
2025-07-01 12:38:13,735 INFO o.a.j.e.StandardJMeterEngine: Notifying test listeners of end of test
2025-07-01 12:38:13,736 INFO o.a.j.r.Summariser: summary =      1 in 00:00:00 =    5.3/s Avg:    23 Min:    23 Max:    23 Err:     1 (100.00%)
